Terminals unused in grammar

    IF
    ELSE
    WHILE
    RETURN
    INT
    VOID
    PLUS_ALOP
    MINUS_ALOP
    MULT_PRE_ALOP
    DIV_PRE_ALOP
    EQ_RELOP
    NOTEQ_RELOP
    LESSEQ_RELOP
    GREATEQ_RELOP
    GREAT_RELOP
    LESS_RELOP
    EQUAL
    CURLYOP_BRACKET
    CURLYCL_BRACKET
    CIRCLEOP_BRACKET
    CIRCLECL_BRACKET
    SQUAREOP_BRACKET
    SQUARECL_BRACKET
    SEMICOL_PUNCT
    COMMA_PUNCT
    WHITESPACE
    COMMENT
    STRING


Rules useless in parser due to conflicts

    0 $accept: program $end


Grammar

    0 $accept: program $end

    1 program: ε
    2        | program token

    3 token: ID
    4      | NUM
    5      | $end


Terminals, with rules where they appear

    $end (0) 0 5
    error (256)
    ID (258) 3
    NUM (259) 4
    IF (260)
    ELSE (261)
    WHILE (262)
    RETURN (263)
    INT (264)
    VOID (265)
    PLUS_ALOP (266)
    MINUS_ALOP (267)
    MULT_PRE_ALOP (268)
    DIV_PRE_ALOP (269)
    EQ_RELOP (270)
    NOTEQ_RELOP (271)
    LESSEQ_RELOP (272)
    GREATEQ_RELOP (273)
    GREAT_RELOP (274)
    LESS_RELOP (275)
    EQUAL (276)
    CURLYOP_BRACKET (277)
    CURLYCL_BRACKET (278)
    CIRCLEOP_BRACKET (279)
    CIRCLECL_BRACKET (280)
    SQUAREOP_BRACKET (281)
    SQUARECL_BRACKET (282)
    SEMICOL_PUNCT (283)
    COMMA_PUNCT (284)
    WHITESPACE (285)
    COMMENT (286)
    STRING (287)


Nonterminals, with rules where they appear

    $accept (33)
        on left: 0
    program (34)
        on left: 1 2
        on right: 0 2
    token (35)
        on left: 3 4 5
        on right: 2


State 0

    0 $accept: • program $end

    $default  reduce using rule 1 (program)

    program  go to state 1


State 1

    0 $accept: program • $end
    2 program: program • token

    $end  shift, and go to state 2
    ID    shift, and go to state 3
    NUM   shift, and go to state 4

    token  go to state 5


State 2

    0 $accept: program $end •
    5 token: $end •

    $default  reduce using rule 5 (token)


State 3

    3 token: ID •

    $default  reduce using rule 3 (token)


State 4

    4 token: NUM •

    $default  reduce using rule 4 (token)


State 5

    2 program: program token •

    $default  reduce using rule 2 (program)
